<?xml version="1.0" encoding="utf-8"?>
<config>
  <user>pegasus</user>
  <password>pegasus</password>
  <url>asdbc:postgresql://localhost/pegasus</url>
</config>
